<?xml version="1.0" encoding="UTF-8"?>
<testng-results skipped="0" failed="0" ignored="0" total="1" passed="1">
  <reporter-output>
  </reporter-output>
  <suite name="Default suite" duration-ms="16569" started-at="2019-11-12T09:52:20Z" finished-at="2019-11-12T09:52:37Z">
    <groups>
      <group name="cucumber">
        <method signature="AbstractTestNGCucumberTests.feature(cucumber.api.testng.CucumberFeatureWrapper)[pri:0, instance:com.vikas.fw.TestRunnerwithTestNG@46d56d67]" name="feature" class="cucumber.api.testng.AbstractTestNGCucumberTests"/>
      </group> <!-- cucumber -->
    </groups>
    <test name="Default test" duration-ms="16569" started-at="2019-11-12T09:52:20Z" finished-at="2019-11-12T09:52:37Z">
      <class name="com.vikas.fw.TestRunnerwithTestNG">
        <test-method status="PASS" signature="setUpClass()[pri:0, instance:com.vikas.fw.TestRunnerwithTestNG@46d56d67]" name="setUpClass" is-config="true" duration-ms="205" started-at="2019-11-12T09:52:20Z" finished-at="2019-11-12T09:52:21Z">
          <reporter-output>
          </reporter-output>
        </test-method> <!-- setUpClass -->
        <test-method status="PASS" signature="feature(cucumber.api.testng.CucumberFeatureWrapper)[pri:0, instance:com.vikas.fw.TestRunnerwithTestNG@46d56d67]" name="feature" duration-ms="16272" started-at="2019-11-12T09:52:21Z" description="Runs Cucumber Feature" data-provider="features" finished-at="2019-11-12T09:52:37Z">
          <params>
            <param index="0">
              <value>
                <![CDATA[Amazon Search Item]]>
              </value>
            </param>
          </params>
          <reporter-output>
          </reporter-output>
        </test-method> <!-- feature -->
        <test-method status="PASS" signature="tearDownClass()[pri:0, instance:com.vikas.fw.TestRunnerwithTestNG@46d56d67]" name="tearDownClass" is-config="true" duration-ms="9" started-at="2019-11-12T09:52:37Z" finished-at="2019-11-12T09:52:37Z">
          <reporter-output>
          </reporter-output>
        </test-method> <!-- tearDownClass -->
      </class> <!-- com.vikas.fw.TestRunnerwithTestNG -->
    </test> <!-- Default test -->
  </suite> <!-- Default suite -->
</testng-results>
